Build started 1/23/2015 12:01:44 AM.
     1>Project "c:\Users\Dennis\documents\visual studio 2013\Projects\pocheng_HW2\pocheng_HW2\pocheng_HW2.vcxproj" on node 2 (Build target(s)).
     1>ClCompile:
         C:\Program Files (x86)\Microsoft Visual Studio 12.0\VC\bin\CL.exe /c /ZI /nologo /W3 /WX- /sdl /Od /Oy- /D WIN32 /D _DEBUG /D _CONSOLE /D _LIB /D _UNICODE /D UNICODE /Gm /EHsc /RTC1 /MDd /GS /fp:precise /Zc:wchar_t /Zc:forScope /Fo"Debug\\" /Fd"Debug\vc120.pdb" /Gd /TP /analyze- /errorReport:prompt Circle.cpp Main.cpp Problem1.cpp Problem2.cpp Problem3.cpp Problem4.cpp Rectangle.cpp Triangle.cpp
         Triangle.cpp
         Rectangle.cpp
         Problem4.cpp
         Problem3.cpp
         Problem2.cpp
     1>c:\users\dennis\documents\visual studio 2013\projects\pocheng_hw2\pocheng_hw2\problem2.cpp(13): warning C4244: 'argument' : conversion from 'time_t' to 'unsigned int', possible loss of data
         Problem1.cpp
         Main.cpp
         Circle.cpp
         Generating Code...
     1>c:\users\dennis\documents\visual studio 2013\projects\pocheng_hw2\pocheng_hw2\problem3.cpp(98): warning C4715: 'isPrime' : not all control paths return a value
       Link:
         C:\Program Files (x86)\Microsoft Visual Studio 12.0\VC\bin\link.exe /ERRORREPORT:PROMPT /OUT:"c:\users\dennis\documents\visual studio 2013\Projects\pocheng_HW2\Debug\pocheng_HW2.exe" /INCREMENTAL /NOLOGO kernel32.lib user32.lib gdi32.lib winspool.lib comdlg32.lib advapi32.lib shell32.lib ole32.lib oleaut32.lib uuid.lib odbc32.lib odbccp32.lib /MANIFEST /MANIFESTUAC:"level='asInvoker' uiAccess='false'" /manifest:embed /DEBUG /PDB:"c:\users\dennis\documents\visual studio 2013\Projects\pocheng_HW2\Debug\pocheng_HW2.pdb" /SUBSYSTEM:CONSOLE /TLBID:1 /DYNAMICBASE /NXCOMPAT /IMPLIB:"c:\users\dennis\documents\visual studio 2013\Projects\pocheng_HW2\Debug\pocheng_HW2.lib" /MACHINE:X86 Debug\Circle.obj
         Debug\Main.obj
         Debug\Problem1.obj
         Debug\Problem2.obj
         Debug\Problem3.obj
         Debug\Problem4.obj
         Debug\Rectangle.obj
         Debug\Triangle.obj
         pocheng_HW2.vcxproj -> c:\users\dennis\documents\visual studio 2013\Projects\pocheng_HW2\Debug\pocheng_HW2.exe
     1>Done Building Project "c:\Users\Dennis\documents\visual studio 2013\Projects\pocheng_HW2\pocheng_HW2\pocheng_HW2.vcxproj" (Build target(s)).

Build succeeded.

Time Elapsed 00:00:02.09
